Tiempo ejecución secuencial:
0.000430140
0.000884755
0.000385149
0.000526832
0.001340818
0.002575860
0.005019039
0.008938022
0.016864381
0.034699956
0.066598025
0.131836073
0.133162577
Tiempo ejecución de OpemMP-FOR:
0.000458203
0.000985712
0.000497684
0.001067813
0.001326110
0.002114229
0.004555743
0.008390326
0.015554648
0.031688750
0.060837433
0.120414563
0.118927237
Tiempo ejecución de OpenMP-sections:
0.000451583
0.000976808
0.000568420
0.000624850
0.001573656
0.002370473
0.004605968
0.008610044
0.016047191
0.031323101
0.059916690
0.117755380
0.119066168
